<?xml version="1.0" encoding="UTF-8"?>
<testng-results ignored="0" total="1" passed="1" failed="0" skipped="0">
  <reporter-output>
  </reporter-output>
  <suite started-at="2025-07-11T13:49:47 IST" name="Surefire suite" finished-at="2025-07-11T13:49:47 IST" duration-ms="117">
    <groups>
    </groups>
    <test started-at="2025-07-11T13:49:47 IST" name="Surefire test" finished-at="2025-07-11T13:49:47 IST" duration-ms="117">
      <class name="finalproject.maven.AppTest">
        <test-method signature="shouldAnswerWithTrue()" started-at="2025-07-11T13:49:47 IST" name="shouldAnswerWithTrue" finished-at="2025-07-11T13:49:47 IST" duration-ms="29" status="PASS">
          <reporter-output>
          </reporter-output>
        </test-method> <!-- shouldAnswerWithTrue -->
      </class> <!-- finalproject.maven.AppTest -->
    </test> <!-- Surefire test -->
  </suite> <!-- Surefire suite -->
</testng-results>
